<?xml version="1.0" encoding="UTF-8"?>
<beans xmlns="http://www.springframework.org/schema/beans"
       xmlns:xsi="http://www.w3.org/2001/XMLSchema-instance"
       xmlns:context="http://www.springframework.org/schema/context"
       xmlns:tx="http://www.springframework.org/schema/tx"
       xmlns:jpa="http://www.springframework.org/schema/data/jpa"
       xsi:schemaLocation="http://www.springframework.org/schema/beans http://www.springframework.org/schema/beans/spring-beans.xsd
       http://www.springframework.org/schema/context http://www.springframework.org/schema/context/spring-context.xsd
       http://www.springframework.org/schema/tx http://www.springframework.org/schema/tx/spring-tx.xsd
       http://www.springframework.org/schema/data/jpa http://www.springframework.org/schema/data/jpa/spring-jpa.xsd">

    <context:annotation-config/>
    <context:component-scan base-package="ua.com.juja.sqlcmd.service" />
    <context:component-scan base-package="ua.com.juja.sqlcmd.model" />

    <jpa:repositories base-package="ua.com.juja.sqlcmd.model" entity-manager-factory-ref="factoryBean" />

    <bean id="factoryBean" class="org.springframework.orm.jpa.LocalContainerEntityManagerFactoryBean">
          <property name="packagesToScan" value="ua.com.juja.sqlcmd.model.entity" />
        <property name="dataSource" ref="logDataSource"/>

        <property name="jpaProperties">
            <props>
                <prop key="hibernate.show_sql">true</prop>
                <prop key="hibernate.hbm2ddl.auto">validate</prop>
                <prop key="hibernate.dialect">org.hibernate.dialect.MySQLDialect</prop>
            </props>
        </property>

        <property name="persistenceProvider">
            <bean class="org.hibernate.jpa.HibernatePersistenceProvider"></bean>
        </property>
    </bean>

    <bean id="service" class="ua.com.juja.sqlcmd.service.ServiceImpl">
        <lookup-method name="getManager" bean="JDBCDatabaseManager"/>
    </bean>

    <tx:annotation-driven transaction-manager="transactionManager" />
    <bean id="transactionManager"
          class="org.springframework.orm.jpa.JpaTransactionManager">
        <property name="dataSource" ref="logDataSource" />
    </bean>

    <bean id="logDataSource"
          class="org.springframework.jdbc.datasource.DriverManagerDataSource">
        <property name="driverClassName" value="${log.jdbc.driverClassName}"/>
        <property name="url" value="${log.jdbc.url}"/>
        <property name="username" value="${log.jdbc.username}"/>
        <property name="password" value="${log.jdbc.password}"/>
    </bean>

    <context:property-placeholder location="classpath:log.jdbc.properties" />

</beans>